
*** Running vivado
    with args -log Door_lock_system.vds -m64 -product Vivado -mode batch -messageDb vivado.pb -notrace -source Door_lock_system.tcl



****** Vivado v2020.2 (64-bit)
  **** SW Build 3064766 on Wed Nov 18 09:12:45 MST 2020
  **** IP Build 3064653 on Wed Nov 18 14:17:31 MST 2020
    ** Copyright 1986-2020 Xilinx, Inc. All Rights Reserved.

source Door_lock_system.tcl -notrace
Command: synth_design -top Door_lock_system -part xc7a100tcsg324-1
Starting synth_design
Attempting to get a license for feature 'Synthesis' and/or device 'xc7a100t'
INFO: [Common 17-349] Got license for feature 'Synthesis' and/or device 'xc7a100t'
INFO: [Device 21-403] Loading part xc7a100tcsg324-1
INFO: [Synth 8-7079] Multithreading enabled for synth_design using a maximum of 2 processes.
INFO: [Synth 8-7078] Launching helper process for spawning children vivado processes
INFO: [Synth 8-7075] Helper process launched with PID 5356
---------------------------------------------------------------------------------
Starting RTL Elaboration : Time (s): cpu = 00:00:04 ; elapsed = 00:00:05 . Memory (MB): peak = 1002.848 ; gain = 0.000
---------------------------------------------------------------------------------
INFO: [Synth 8-638] synthesizing module 'Door_lock_system' [C:/Users/Client/Desktop/Vysoka_skola/4. Semestr/DE1/Cvika/PROJEKT/Projekt/Projekt.srcs/sources_1/new/Door_lock_system.vhd:29]
INFO: [Synth 8-638] synthesizing module 'driver_7seg_4digits' [C:/Users/Client/Desktop/Vysoka_skola/4. Semestr/DE1/Cvika/PROJEKT/Projekt/Projekt.srcs/sources_1/new/river_7seg_4digits.vhd:51]
INFO: [Synth 8-638] synthesizing module 'clock_enable' [C:/Users/Client/Desktop/Vysoka_skola/4. Semestr/DE1/Cvika/PROJEKT/Projekt/Projekt.srcs/sources_1/new/clock_enable.vhd:45]
	Parameter g_MAX bound to: 4 - type: integer 
INFO: [Synth 8-256] done synthesizing module 'clock_enable' (1#1) [C:/Users/Client/Desktop/Vysoka_skola/4. Semestr/DE1/Cvika/PROJEKT/Projekt/Projekt.srcs/sources_1/new/clock_enable.vhd:45]
INFO: [Synth 8-638] synthesizing module 'cnt_up_down' [C:/Users/Client/Desktop/Vysoka_skola/4. Semestr/DE1/Cvika/PROJEKT/Projekt/Projekt.srcs/sources_1/new/cnt_up_down.vhd:35]
	Parameter g_CNT_WIDTH bound to: 2 - type: integer 
INFO: [Synth 8-256] done synthesizing module 'cnt_up_down' (2#1) [C:/Users/Client/Desktop/Vysoka_skola/4. Semestr/DE1/Cvika/PROJEKT/Projekt/Projekt.srcs/sources_1/new/cnt_up_down.vhd:35]
INFO: [Synth 8-638] synthesizing module 'hex_7seg' [C:/Users/Client/Desktop/Vysoka_skola/4. Semestr/DE1/Cvika/PROJEKT/Projekt/Projekt.srcs/sources_1/new/hex_7seg.vhd:41]
INFO: [Synth 8-256] done synthesizing module 'hex_7seg' (3#1) [C:/Users/Client/Desktop/Vysoka_skola/4. Semestr/DE1/Cvika/PROJEKT/Projekt/Projekt.srcs/sources_1/new/hex_7seg.vhd:41]
INFO: [Synth 8-256] done synthesizing module 'driver_7seg_4digits' (4#1) [C:/Users/Client/Desktop/Vysoka_skola/4. Semestr/DE1/Cvika/PROJEKT/Projekt/Projekt.srcs/sources_1/new/river_7seg_4digits.vhd:51]
WARNING: [Synth 8-614] signal 'next_state' is read in the process but is not in the sensitivity list [C:/Users/Client/Desktop/Vysoka_skola/4. Semestr/DE1/Cvika/PROJEKT/Projekt/Projekt.srcs/sources_1/new/Door_lock_system.vhd:79]
WARNING: [Synth 8-614] signal 'data3_i' is read in the process but is not in the sensitivity list [C:/Users/Client/Desktop/Vysoka_skola/4. Semestr/DE1/Cvika/PROJEKT/Projekt/Projekt.srcs/sources_1/new/Door_lock_system.vhd:79]
WARNING: [Synth 8-614] signal 'data2_i' is read in the process but is not in the sensitivity list [C:/Users/Client/Desktop/Vysoka_skola/4. Semestr/DE1/Cvika/PROJEKT/Projekt/Projekt.srcs/sources_1/new/Door_lock_system.vhd:79]
WARNING: [Synth 8-614] signal 'data1_i' is read in the process but is not in the sensitivity list [C:/Users/Client/Desktop/Vysoka_skola/4. Semestr/DE1/Cvika/PROJEKT/Projekt/Projekt.srcs/sources_1/new/Door_lock_system.vhd:79]
WARNING: [Synth 8-614] signal 'data0_i' is read in the process but is not in the sensitivity list [C:/Users/Client/Desktop/Vysoka_skola/4. Semestr/DE1/Cvika/PROJEKT/Projekt/Projekt.srcs/sources_1/new/Door_lock_system.vhd:79]
WARNING: [Synth 8-614] signal 'present_state' is read in the process but is not in the sensitivity list [C:/Users/Client/Desktop/Vysoka_skola/4. Semestr/DE1/Cvika/PROJEKT/Projekt/Projekt.srcs/sources_1/new/Door_lock_system.vhd:172]
WARNING: [Synth 8-614] signal 'data_prevod' is read in the process but is not in the sensitivity list [C:/Users/Client/Desktop/Vysoka_skola/4. Semestr/DE1/Cvika/PROJEKT/Projekt/Projekt.srcs/sources_1/new/Door_lock_system.vhd:172]
WARNING: [Synth 8-614] signal 's_pass' is read in the process but is not in the sensitivity list [C:/Users/Client/Desktop/Vysoka_skola/4. Semestr/DE1/Cvika/PROJEKT/Projekt/Projekt.srcs/sources_1/new/Door_lock_system.vhd:193]
WARNING: [Synth 8-614] signal 's_fail' is read in the process but is not in the sensitivity list [C:/Users/Client/Desktop/Vysoka_skola/4. Semestr/DE1/Cvika/PROJEKT/Projekt/Projekt.srcs/sources_1/new/Door_lock_system.vhd:193]
INFO: [Synth 8-256] done synthesizing module 'Door_lock_system' (5#1) [C:/Users/Client/Desktop/Vysoka_skola/4. Semestr/DE1/Cvika/PROJEKT/Projekt/Projekt.srcs/sources_1/new/Door_lock_system.vhd:29]
---------------------------------------------------------------------------------
Finished RTL Elaboration : Time (s): cpu = 00:00:05 ; elapsed = 00:00:06 . Memory (MB): peak = 1002.848 ; gain = 0.000
---------------------------------------------------------------------------------
---------------------------------------------------------------------------------
Start Handling Custom Attributes
---------------------------------------------------------------------------------
---------------------------------------------------------------------------------
Finished Handling Custom Attributes : Time (s): cpu = 00:00:06 ; elapsed = 00:00:06 . Memory (MB): peak = 1002.848 ; gain = 0.000
---------------------------------------------------------------------------------
---------------------------------------------------------------------------------
Finished RTL Optimization Phase 1 : Time (s): cpu = 00:00:06 ; elapsed = 00:00:06 . Memory (MB): peak = 1002.848 ; gain = 0.000
---------------------------------------------------------------------------------
Netlist sorting complete. Time (s): cpu = 00:00:00 ; elapsed = 00:00:00.002 . Memory (MB): peak = 1002.848 ; gain = 0.000
INFO: [Project 1-570] Preparing netlist for logic optimization

Processing XDC Constraints
Initializing timing engine
Parsing XDC File [C:/Users/Client/Desktop/Vysoka_skola/4. Semestr/DE1/Cvika/PROJEKT/Projekt/Projekt.srcs/constrs_1/new/constraints.xdc]
WARNING: [Vivado 12-584] No ports matched 'CLK100MHZ'. [C:/Users/Client/Desktop/Vysoka_skola/4. Semestr/DE1/Cvika/PROJEKT/Projekt/Projekt.srcs/constrs_1/new/constraints.xdc:7]
CRITICAL WARNING: [Common 17-55] 'set_property' expects at least one object. [C:/Users/Client/Desktop/Vysoka_skola/4. Semestr/DE1/Cvika/PROJEKT/Projekt/Projekt.srcs/constrs_1/new/constraints.xdc:7]
Resolution: If [get_<value>] was used to populate the object, check to make sure this command returns at least one valid object.
WARNING: [Vivado 12-584] No ports matched 'CLK100MHZ'. [C:/Users/Client/Desktop/Vysoka_skola/4. Semestr/DE1/Cvika/PROJEKT/Projekt/Projekt.srcs/constrs_1/new/constraints.xdc:8]
CRITICAL WARNING: [Vivado 12-4739] create_clock:No valid object(s) found for '-objects [get_ports CLK100MHZ]'. [C:/Users/Client/Desktop/Vysoka_skola/4. Semestr/DE1/Cvika/PROJEKT/Projekt/Projekt.srcs/constrs_1/new/constraints.xdc:8]
Resolution: Check if the specified object(s) exists in the current design. If it does, ensure that the correct design hierarchy was specified for the object. If you are working with clocks, make sure create_clock was used to create the clock object before it is referenced.
WARNING: [Vivado 12-584] No ports matched 'led0_b'. [C:/Users/Client/Desktop/Vysoka_skola/4. Semestr/DE1/Cvika/PROJEKT/Projekt/Projekt.srcs/constrs_1/new/constraints.xdc:17]
CRITICAL WARNING: [Common 17-55] 'set_property' expects at least one object. [C:/Users/Client/Desktop/Vysoka_skola/4. Semestr/DE1/Cvika/PROJEKT/Projekt/Projekt.srcs/constrs_1/new/constraints.xdc:17]
Resolution: If [get_<value>] was used to populate the object, check to make sure this command returns at least one valid object.
WARNING: [Vivado 12-584] No ports matched 'led0_g'. [C:/Users/Client/Desktop/Vysoka_skola/4. Semestr/DE1/Cvika/PROJEKT/Projekt/Projekt.srcs/constrs_1/new/constraints.xdc:18]
CRITICAL WARNING: [Common 17-55] 'set_property' expects at least one object. [C:/Users/Client/Desktop/Vysoka_skola/4. Semestr/DE1/Cvika/PROJEKT/Projekt/Projekt.srcs/constrs_1/new/constraints.xdc:18]
Resolution: If [get_<value>] was used to populate the object, check to make sure this command returns at least one valid object.
WARNING: [Vivado 12-584] No ports matched 'led0_r'. [C:/Users/Client/Desktop/Vysoka_skola/4. Semestr/DE1/Cvika/PROJEKT/Projekt/Projekt.srcs/constrs_1/new/constraints.xdc:19]
CRITICAL WARNING: [Common 17-55] 'set_property' expects at least one object. [C:/Users/Client/Desktop/Vysoka_skola/4. Semestr/DE1/Cvika/PROJEKT/Projekt/Projekt.srcs/constrs_1/new/constraints.xdc:19]
Resolution: If [get_<value>] was used to populate the object, check to make sure this command returns at least one valid object.
WARNING: [Vivado 12-584] No ports matched 'BTNC'. [C:/Users/Client/Desktop/Vysoka_skola/4. Semestr/DE1/Cvika/PROJEKT/Projekt/Projekt.srcs/constrs_1/new/constraints.xdc:37]
CRITICAL WARNING: [Common 17-55] 'set_property' expects at least one object. [C:/Users/Client/Desktop/Vysoka_skola/4. Semestr/DE1/Cvika/PROJEKT/Projekt/Projekt.srcs/constrs_1/new/constraints.xdc:37]
Resolution: If [get_<value>] was used to populate the object, check to make sure this command returns at least one valid object.
WARNING: [Vivado 12-584] No ports matched 'SW[0]'. [C:/Users/Client/Desktop/Vysoka_skola/4. Semestr/DE1/Cvika/PROJEKT/Projekt/Projekt.srcs/constrs_1/new/constraints.xdc:43]
CRITICAL WARNING: [Common 17-55] 'set_property' expects at least one object. [C:/Users/Client/Desktop/Vysoka_skola/4. Semestr/DE1/Cvika/PROJEKT/Projekt/Projekt.srcs/constrs_1/new/constraints.xdc:43]
Resolution: If [get_<value>] was used to populate the object, check to make sure this command returns at least one valid object.
WARNING: [Vivado 12-584] No ports matched 'SW[1]'. [C:/Users/Client/Desktop/Vysoka_skola/4. Semestr/DE1/Cvika/PROJEKT/Projekt/Projekt.srcs/constrs_1/new/constraints.xdc:44]
CRITICAL WARNING: [Common 17-55] 'set_property' expects at least one object. [C:/Users/Client/Desktop/Vysoka_skola/4. Semestr/DE1/Cvika/PROJEKT/Projekt/Projekt.srcs/constrs_1/new/constraints.xdc:44]
Resolution: If [get_<value>] was used to populate the object, check to make sure this command returns at least one valid object.
WARNING: [Vivado 12-584] No ports matched 'SW[2]'. [C:/Users/Client/Desktop/Vysoka_skola/4. Semestr/DE1/Cvika/PROJEKT/Projekt/Projekt.srcs/constrs_1/new/constraints.xdc:45]
CRITICAL WARNING: [Common 17-55] 'set_property' expects at least one object. [C:/Users/Client/Desktop/Vysoka_skola/4. Semestr/DE1/Cvika/PROJEKT/Projekt/Projekt.srcs/constrs_1/new/constraints.xdc:45]
Resolution: If [get_<value>] was used to populate the object, check to make sure this command returns at least one valid object.
WARNING: [Vivado 12-584] No ports matched 'SW[3]'. [C:/Users/Client/Desktop/Vysoka_skola/4. Semestr/DE1/Cvika/PROJEKT/Projekt/Projekt.srcs/constrs_1/new/constraints.xdc:46]
CRITICAL WARNING: [Common 17-55] 'set_property' expects at least one object. [C:/Users/Client/Desktop/Vysoka_skola/4. Semestr/DE1/Cvika/PROJEKT/Projekt/Projekt.srcs/constrs_1/new/constraints.xdc:46]
Resolution: If [get_<value>] was used to populate the object, check to make sure this command returns at least one valid object.
WARNING: [Vivado 12-584] No ports matched 'SW[4]'. [C:/Users/Client/Desktop/Vysoka_skola/4. Semestr/DE1/Cvika/PROJEKT/Projekt/Projekt.srcs/constrs_1/new/constraints.xdc:47]
CRITICAL WARNING: [Common 17-55] 'set_property' expects at least one object. [C:/Users/Client/Desktop/Vysoka_skola/4. Semestr/DE1/Cvika/PROJEKT/Projekt/Projekt.srcs/constrs_1/new/constraints.xdc:47]
Resolution: If [get_<value>] was used to populate the object, check to make sure this command returns at least one valid object.
WARNING: [Vivado 12-584] No ports matched 'SW[5]'. [C:/Users/Client/Desktop/Vysoka_skola/4. Semestr/DE1/Cvika/PROJEKT/Projekt/Projekt.srcs/constrs_1/new/constraints.xdc:48]
CRITICAL WARNING: [Common 17-55] 'set_property' expects at least one object. [C:/Users/Client/Desktop/Vysoka_skola/4. Semestr/DE1/Cvika/PROJEKT/Projekt/Projekt.srcs/constrs_1/new/constraints.xdc:48]
Resolution: If [get_<value>] was used to populate the object, check to make sure this command returns at least one valid object.
WARNING: [Vivado 12-584] No ports matched 'SW[6]'. [C:/Users/Client/Desktop/Vysoka_skola/4. Semestr/DE1/Cvika/PROJEKT/Projekt/Projekt.srcs/constrs_1/new/constraints.xdc:49]
CRITICAL WARNING: [Common 17-55] 'set_property' expects at least one object. [C:/Users/Client/Desktop/Vysoka_skola/4. Semestr/DE1/Cvika/PROJEKT/Projekt/Projekt.srcs/constrs_1/new/constraints.xdc:49]
Resolution: If [get_<value>] was used to populate the object, check to make sure this command returns at least one valid object.
WARNING: [Vivado 12-584] No ports matched 'SW[7]'. [C:/Users/Client/Desktop/Vysoka_skola/4. Semestr/DE1/Cvika/PROJEKT/Projekt/Projekt.srcs/constrs_1/new/constraints.xdc:50]
CRITICAL WARNING: [Common 17-55] 'set_property' expects at least one object. [C:/Users/Client/Desktop/Vysoka_skola/4. Semestr/DE1/Cvika/PROJEKT/Projekt/Projekt.srcs/constrs_1/new/constraints.xdc:50]
Resolution: If [get_<value>] was used to populate the object, check to make sure this command returns at least one valid object.
WARNING: [Vivado 12-584] No ports matched 'SW[8]'. [C:/Users/Client/Desktop/Vysoka_skola/4. Semestr/DE1/Cvika/PROJEKT/Projekt/Projekt.srcs/constrs_1/new/constraints.xdc:53]
CRITICAL WARNING: [Common 17-55] 'set_property' expects at least one object. [C:/Users/Client/Desktop/Vysoka_skola/4. Semestr/DE1/Cvika/PROJEKT/Projekt/Projekt.srcs/constrs_1/new/constraints.xdc:53]
Resolution: If [get_<value>] was used to populate the object, check to make sure this command returns at least one valid object.
WARNING: [Vivado 12-584] No ports matched 'SW[9]'. [C:/Users/Client/Desktop/Vysoka_skola/4. Semestr/DE1/Cvika/PROJEKT/Projekt/Projekt.srcs/constrs_1/new/constraints.xdc:54]
CRITICAL WARNING: [Common 17-55] 'set_property' expects at least one object. [C:/Users/Client/Desktop/Vysoka_skola/4. Semestr/DE1/Cvika/PROJEKT/Projekt/Projekt.srcs/constrs_1/new/constraints.xdc:54]
Resolution: If [get_<value>] was used to populate the object, check to make sure this command returns at least one valid object.
WARNING: [Vivado 12-584] No ports matched 'SW[10]'. [C:/Users/Client/Desktop/Vysoka_skola/4. Semestr/DE1/Cvika/PROJEKT/Projekt/Projekt.srcs/constrs_1/new/constraints.xdc:55]
CRITICAL WARNING: [Common 17-55] 'set_property' expects at least one object. [C:/Users/Client/Desktop/Vysoka_skola/4. Semestr/DE1/Cvika/PROJEKT/Projekt/Projekt.srcs/constrs_1/new/constraints.xdc:55]
Resolution: If [get_<value>] was used to populate the object, check to make sure this command returns at least one valid object.
WARNING: [Vivado 12-584] No ports matched 'SW[11]'. [C:/Users/Client/Desktop/Vysoka_skola/4. Semestr/DE1/Cvika/PROJEKT/Projekt/Projekt.srcs/constrs_1/new/constraints.xdc:56]
CRITICAL WARNING: [Common 17-55] 'set_property' expects at least one object. [C:/Users/Client/Desktop/Vysoka_skola/4. Semestr/DE1/Cvika/PROJEKT/Projekt/Projekt.srcs/constrs_1/new/constraints.xdc:56]
Resolution: If [get_<value>] was used to populate the object, check to make sure this command returns at least one valid object.
WARNING: [Vivado 12-584] No ports matched 'AN[0]'. [C:/Users/Client/Desktop/Vysoka_skola/4. Semestr/DE1/Cvika/PROJEKT/Projekt/Projekt.srcs/constrs_1/new/constraints.xdc:57]
CRITICAL WARNING: [Common 17-55] 'set_property' expects at least one object. [C:/Users/Client/Desktop/Vysoka_skola/4. Semestr/DE1/Cvika/PROJEKT/Projekt/Projekt.srcs/constrs_1/new/constraints.xdc:57]
Resolution: If [get_<value>] was used to populate the object, check to make sure this command returns at least one valid object.
WARNING: [Vivado 12-584] No ports matched 'AN[1]'. [C:/Users/Client/Desktop/Vysoka_skola/4. Semestr/DE1/Cvika/PROJEKT/Projekt/Projekt.srcs/constrs_1/new/constraints.xdc:58]
CRITICAL WARNING: [Common 17-55] 'set_property' expects at least one object. [C:/Users/Client/Desktop/Vysoka_skola/4. Semestr/DE1/Cvika/PROJEKT/Projekt/Projekt.srcs/constrs_1/new/constraints.xdc:58]
Resolution: If [get_<value>] was used to populate the object, check to make sure this command returns at least one valid object.
WARNING: [Vivado 12-584] No ports matched 'AN[2]'. [C:/Users/Client/Desktop/Vysoka_skola/4. Semestr/DE1/Cvika/PROJEKT/Projekt/Projekt.srcs/constrs_1/new/constraints.xdc:59]
CRITICAL WARNING: [Common 17-55] 'set_property' expects at least one object. [C:/Users/Client/Desktop/Vysoka_skola/4. Semestr/DE1/Cvika/PROJEKT/Projekt/Projekt.srcs/constrs_1/new/constraints.xdc:59]
Resolution: If [get_<value>] was used to populate the object, check to make sure this command returns at least one valid object.
WARNING: [Vivado 12-584] No ports matched 'AN[3]'. [C:/Users/Client/Desktop/Vysoka_skola/4. Semestr/DE1/Cvika/PROJEKT/Projekt/Projekt.srcs/constrs_1/new/constraints.xdc:60]
CRITICAL WARNING: [Common 17-55] 'set_property' expects at least one object. [C:/Users/Client/Desktop/Vysoka_skola/4. Semestr/DE1/Cvika/PROJEKT/Projekt/Projekt.srcs/constrs_1/new/constraints.xdc:60]
Resolution: If [get_<value>] was used to populate the object, check to make sure this command returns at least one valid object.
WARNING: [Vivado 12-584] No ports matched 'CA'. [C:/Users/Client/Desktop/Vysoka_skola/4. Semestr/DE1/Cvika/PROJEKT/Projekt/Projekt.srcs/constrs_1/new/constraints.xdc:63]
CRITICAL WARNING: [Common 17-55] 'set_property' expects at least one object. [C:/Users/Client/Desktop/Vysoka_skola/4. Semestr/DE1/Cvika/PROJEKT/Projekt/Projekt.srcs/constrs_1/new/constraints.xdc:63]
Resolution: If [get_<value>] was used to populate the object, check to make sure this command returns at least one valid object.
WARNING: [Vivado 12-584] No ports matched 'CB'. [C:/Users/Client/Desktop/Vysoka_skola/4. Semestr/DE1/Cvika/PROJEKT/Projekt/Projekt.srcs/constrs_1/new/constraints.xdc:64]
CRITICAL WARNING: [Common 17-55] 'set_property' expects at least one object. [C:/Users/Client/Desktop/Vysoka_skola/4. Semestr/DE1/Cvika/PROJEKT/Projekt/Projekt.srcs/constrs_1/new/constraints.xdc:64]
Resolution: If [get_<value>] was used to populate the object, check to make sure this command returns at least one valid object.
WARNING: [Vivado 12-584] No ports matched 'CC'. [C:/Users/Client/Desktop/Vysoka_skola/4. Semestr/DE1/Cvika/PROJEKT/Projekt/Projekt.srcs/constrs_1/new/constraints.xdc:65]
CRITICAL WARNING: [Common 17-55] 'set_property' expects at least one object. [C:/Users/Client/Desktop/Vysoka_skola/4. Semestr/DE1/Cvika/PROJEKT/Projekt/Projekt.srcs/constrs_1/new/constraints.xdc:65]
Resolution: If [get_<value>] was used to populate the object, check to make sure this command returns at least one valid object.
WARNING: [Vivado 12-584] No ports matched 'CD'. [C:/Users/Client/Desktop/Vysoka_skola/4. Semestr/DE1/Cvika/PROJEKT/Projekt/Projekt.srcs/constrs_1/new/constraints.xdc:66]
CRITICAL WARNING: [Common 17-55] 'set_property' expects at least one object. [C:/Users/Client/Desktop/Vysoka_skola/4. Semestr/DE1/Cvika/PROJEKT/Projekt/Projekt.srcs/constrs_1/new/constraints.xdc:66]
Resolution: If [get_<value>] was used to populate the object, check to make sure this command returns at least one valid object.
WARNING: [Vivado 12-584] No ports matched 'CE'. [C:/Users/Client/Desktop/Vysoka_skola/4. Semestr/DE1/Cvika/PROJEKT/Projekt/Projekt.srcs/constrs_1/new/constraints.xdc:67]
CRITICAL WARNING: [Common 17-55] 'set_property' expects at least one object. [C:/Users/Client/Desktop/Vysoka_skola/4. Semestr/DE1/Cvika/PROJEKT/Projekt/Projekt.srcs/constrs_1/new/constraints.xdc:67]
Resolution: If [get_<value>] was used to populate the object, check to make sure this command returns at least one valid object.
WARNING: [Vivado 12-584] No ports matched 'CF'. [C:/Users/Client/Desktop/Vysoka_skola/4. Semestr/DE1/Cvika/PROJEKT/Projekt/Projekt.srcs/constrs_1/new/constraints.xdc:68]
CRITICAL WARNING: [Common 17-55] 'set_property' expects at least one object. [C:/Users/Client/Desktop/Vysoka_skola/4. Semestr/DE1/Cvika/PROJEKT/Projekt/Projekt.srcs/constrs_1/new/constraints.xdc:68]
Resolution: If [get_<value>] was used to populate the object, check to make sure this command returns at least one valid object.
WARNING: [Vivado 12-584] No ports matched 'CG'. [C:/Users/Client/Desktop/Vysoka_skola/4. Semestr/DE1/Cvika/PROJEKT/Projekt/Projekt.srcs/constrs_1/new/constraints.xdc:69]
CRITICAL WARNING: [Common 17-55] 'set_property' expects at least one object. [C:/Users/Client/Desktop/Vysoka_skola/4. Semestr/DE1/Cvika/PROJEKT/Projekt/Projekt.srcs/constrs_1/new/constraints.xdc:69]
Resolution: If [get_<value>] was used to populate the object, check to make sure this command returns at least one valid object.
WARNING: [Vivado 12-584] No ports matched 'CG'. [C:/Users/Client/Desktop/Vysoka_skola/4. Semestr/DE1/Cvika/PROJEKT/Projekt/Projekt.srcs/constrs_1/new/constraints.xdc:70]
CRITICAL WARNING: [Common 17-55] 'set_property' expects at least one object. [C:/Users/Client/Desktop/Vysoka_skola/4. Semestr/DE1/Cvika/PROJEKT/Projekt/Projekt.srcs/constrs_1/new/constraints.xdc:70]
Resolution: If [get_<value>] was used to populate the object, check to make sure this command returns at least one valid object.
WARNING: [Vivado 12-584] No ports matched 'zamek'. [C:/Users/Client/Desktop/Vysoka_skola/4. Semestr/DE1/Cvika/PROJEKT/Projekt/Projekt.srcs/constrs_1/new/constraints.xdc:73]
CRITICAL WARNING: [Common 17-55] 'set_property' expects at least one object. [C:/Users/Client/Desktop/Vysoka_skola/4. Semestr/DE1/Cvika/PROJEKT/Projekt/Projekt.srcs/constrs_1/new/constraints.xdc:73]
Resolution: If [get_<value>] was used to populate the object, check to make sure this command returns at least one valid object.
Finished Parsing XDC File [C:/Users/Client/Desktop/Vysoka_skola/4. Semestr/DE1/Cvika/PROJEKT/Projekt/Projekt.srcs/constrs_1/new/constraints.xdc]
Completed Processing XDC Constraints

Netlist sorting complete. Time (s): cpu = 00:00:00 ; elapsed = 00:00:00 . Memory (MB): peak = 1027.508 ; gain = 0.000
INFO: [Project 1-111] Unisim Transformation Summary:
No Unisim elements were transformed.

Constraint Validation Runtime : Time (s): cpu = 00:00:00 ; elapsed = 00:00:00.002 . Memory (MB): peak = 1027.508 ; gain = 0.000
---------------------------------------------------------------------------------
Finished Constraint Validation : Time (s): cpu = 00:00:13 ; elapsed = 00:00:13 . Memory (MB): peak = 1027.508 ; gain = 24.660
---------------------------------------------------------------------------------
---------------------------------------------------------------------------------
Start Loading Part and Timing Information
---------------------------------------------------------------------------------
Loading part: xc7a100tcsg324-1
---------------------------------------------------------------------------------
Finished Loading Part and Timing Information : Time (s): cpu = 00:00:13 ; elapsed = 00:00:13 . Memory (MB): peak = 1027.508 ; gain = 24.660
---------------------------------------------------------------------------------
---------------------------------------------------------------------------------
Start Applying 'set_property' XDC Constraints
---------------------------------------------------------------------------------
---------------------------------------------------------------------------------
Finished applying 'set_property' XDC Constraints : Time (s): cpu = 00:00:13 ; elapsed = 00:00:13 . Memory (MB): peak = 1027.508 ; gain = 24.660
---------------------------------------------------------------------------------
WARNING: [Synth 8-327] inferring latch for variable 's_pass_reg' [C:/Users/Client/Desktop/Vysoka_skola/4. Semestr/DE1/Cvika/PROJEKT/Projekt/Projekt.srcs/sources_1/new/Door_lock_system.vhd:86]
WARNING: [Synth 8-327] inferring latch for variable 's_fail_reg' [C:/Users/Client/Desktop/Vysoka_skola/4. Semestr/DE1/Cvika/PROJEKT/Projekt/Projekt.srcs/sources_1/new/Door_lock_system.vhd:87]
WARNING: [Synth 8-327] inferring latch for variable 'data0_i_reg' [C:/Users/Client/Desktop/Vysoka_skola/4. Semestr/DE1/Cvika/PROJEKT/Projekt/Projekt.srcs/sources_1/new/Door_lock_system.vhd:176]
WARNING: [Synth 8-327] inferring latch for variable 'data1_i_reg' [C:/Users/Client/Desktop/Vysoka_skola/4. Semestr/DE1/Cvika/PROJEKT/Projekt/Projekt.srcs/sources_1/new/Door_lock_system.vhd:177]
WARNING: [Synth 8-327] inferring latch for variable 'data2_i_reg' [C:/Users/Client/Desktop/Vysoka_skola/4. Semestr/DE1/Cvika/PROJEKT/Projekt/Projekt.srcs/sources_1/new/Door_lock_system.vhd:178]
WARNING: [Synth 8-327] inferring latch for variable 'data3_i_reg' [C:/Users/Client/Desktop/Vysoka_skola/4. Semestr/DE1/Cvika/PROJEKT/Projekt/Projekt.srcs/sources_1/new/Door_lock_system.vhd:179]
WARNING: [Synth 8-327] inferring latch for variable 'next_state_reg' [C:/Users/Client/Desktop/Vysoka_skola/4. Semestr/DE1/Cvika/PROJEKT/Projekt/Projekt.srcs/sources_1/new/Door_lock_system.vhd:82]
WARNING: [Synth 8-327] inferring latch for variable 'present_state_reg' [C:/Users/Client/Desktop/Vysoka_skola/4. Semestr/DE1/Cvika/PROJEKT/Projekt/Projekt.srcs/sources_1/new/Door_lock_system.vhd:85]
WARNING: [Synth 8-327] inferring latch for variable 'data_prevod_reg' [C:/Users/Client/Desktop/Vysoka_skola/4. Semestr/DE1/Cvika/PROJEKT/Projekt/Projekt.srcs/sources_1/new/Door_lock_system.vhd:144]
---------------------------------------------------------------------------------
Finished RTL Optimization Phase 2 : Time (s): cpu = 00:00:13 ; elapsed = 00:00:14 . Memory (MB): peak = 1027.508 ; gain = 24.660
---------------------------------------------------------------------------------
---------------------------------------------------------------------------------
Start RTL Component Statistics 
---------------------------------------------------------------------------------
Detailed RTL Component Info : 
+---Adders : 
	   2 Input    2 Bit       Adders := 1     
+---Registers : 
	                2 Bit    Registers := 1     
	                1 Bit    Registers := 1     
+---Muxes : 
	   4 Input    4 Bit        Muxes := 2     
	   7 Input    4 Bit        Muxes := 4     
	  12 Input    4 Bit        Muxes := 1     
	   3 Input    3 Bit        Muxes := 1     
	   2 Input    3 Bit        Muxes := 2     
	   2 Input    2 Bit        Muxes := 3     
	   2 Input    1 Bit        Muxes := 3     
	   4 Input    1 Bit        Muxes := 1     
	   7 Input    1 Bit        Muxes := 10    
	  12 Input    1 Bit        Muxes := 1     
---------------------------------------------------------------------------------
Finished RTL Component Statistics 
---------------------------------------------------------------------------------
---------------------------------------------------------------------------------
Start Part Resource Summary
---------------------------------------------------------------------------------
Part Resources:
DSPs: 240 (col length:80)
BRAMs: 270 (col length: RAMB18 80 RAMB36 40)
---------------------------------------------------------------------------------
Finished Part Resource Summary
---------------------------------------------------------------------------------
---------------------------------------------------------------------------------
Start Cross Boundary and Area Optimization
---------------------------------------------------------------------------------
---------------------------------------------------------------------------------
Finished Cross Boundary and Area Optimization : Time (s): cpu = 00:00:15 ; elapsed = 00:00:15 . Memory (MB): peak = 1027.508 ; gain = 24.660
---------------------------------------------------------------------------------
---------------------------------------------------------------------------------
Start Applying XDC Timing Constraints
---------------------------------------------------------------------------------
---------------------------------------------------------------------------------
Finished Applying XDC Timing Constraints : Time (s): cpu = 00:00:21 ; elapsed = 00:00:22 . Memory (MB): peak = 1027.508 ; gain = 24.660
---------------------------------------------------------------------------------
---------------------------------------------------------------------------------
Start Timing Optimization
---------------------------------------------------------------------------------
---------------------------------------------------------------------------------
Finished Timing Optimization : Time (s): cpu = 00:00:21 ; elapsed = 00:00:22 . Memory (MB): peak = 1027.508 ; gain = 24.660
---------------------------------------------------------------------------------
---------------------------------------------------------------------------------
Start Technology Mapping
---------------------------------------------------------------------------------
---------------------------------------------------------------------------------
Finished Technology Mapping : Time (s): cpu = 00:00:21 ; elapsed = 00:00:22 . Memory (MB): peak = 1027.508 ; gain = 24.660
---------------------------------------------------------------------------------
---------------------------------------------------------------------------------
Start IO Insertion
---------------------------------------------------------------------------------
---------------------------------------------------------------------------------
Start Flattening Before IO Insertion
---------------------------------------------------------------------------------
---------------------------------------------------------------------------------
Finished Flattening Before IO Insertion
---------------------------------------------------------------------------------
---------------------------------------------------------------------------------
Start Final Netlist Cleanup
---------------------------------------------------------------------------------
---------------------------------------------------------------------------------
Finished Final Netlist Cleanup
---------------------------------------------------------------------------------
---------------------------------------------------------------------------------
Finished IO Insertion : Time (s): cpu = 00:00:24 ; elapsed = 00:00:25 . Memory (MB): peak = 1027.508 ; gain = 24.660
---------------------------------------------------------------------------------
---------------------------------------------------------------------------------
Start Renaming Generated Instances
---------------------------------------------------------------------------------
---------------------------------------------------------------------------------
Finished Renaming Generated Instances : Time (s): cpu = 00:00:24 ; elapsed = 00:00:25 . Memory (MB): peak = 1027.508 ; gain = 24.660
---------------------------------------------------------------------------------
---------------------------------------------------------------------------------
Start Rebuilding User Hierarchy
---------------------------------------------------------------------------------
---------------------------------------------------------------------------------
Finished Rebuilding User Hierarchy : Time (s): cpu = 00:00:24 ; elapsed = 00:00:25 . Memory (MB): peak = 1027.508 ; gain = 24.660
---------------------------------------------------------------------------------
---------------------------------------------------------------------------------
Start Renaming Generated Ports
---------------------------------------------------------------------------------
---------------------------------------------------------------------------------
Finished Renaming Generated Ports : Time (s): cpu = 00:00:24 ; elapsed = 00:00:25 . Memory (MB): peak = 1027.508 ; gain = 24.660
---------------------------------------------------------------------------------
---------------------------------------------------------------------------------
Start Handling Custom Attributes
---------------------------------------------------------------------------------
---------------------------------------------------------------------------------
Finished Handling Custom Attributes : Time (s): cpu = 00:00:24 ; elapsed = 00:00:25 . Memory (MB): peak = 1027.508 ; gain = 24.660
---------------------------------------------------------------------------------
---------------------------------------------------------------------------------
Start Renaming Generated Nets
---------------------------------------------------------------------------------
---------------------------------------------------------------------------------
Finished Renaming Generated Nets : Time (s): cpu = 00:00:24 ; elapsed = 00:00:25 . Memory (MB): peak = 1027.508 ; gain = 24.660
---------------------------------------------------------------------------------
---------------------------------------------------------------------------------
Start Writing Synthesis Report
---------------------------------------------------------------------------------

Report BlackBoxes: 
+-+--------------+----------+
| |BlackBox name |Instances |
+-+--------------+----------+
+-+--------------+----------+

Report Cell Usage: 
+------+-------+------+
|      |Cell   |Count |
+------+-------+------+
|1     |BUFG   |     1|
|2     |CARRY4 |     8|
|3     |LUT1   |     4|
|4     |LUT2   |    16|
|5     |LUT3   |     5|
|6     |LUT4   |    21|
|7     |LUT5   |    15|
|8     |LUT6   |    12|
|9     |FDRE   |    34|
|10    |LD     |    28|
|11    |IBUF   |    18|
|12    |OBUF   |    16|
+------+-------+------+
---------------------------------------------------------------------------------
Finished Writing Synthesis Report : Time (s): cpu = 00:00:24 ; elapsed = 00:00:25 . Memory (MB): peak = 1027.508 ; gain = 24.660
---------------------------------------------------------------------------------
Synthesis finished with 0 errors, 0 critical warnings and 9 warnings.
Synthesis Optimization Runtime : Time (s): cpu = 00:00:17 ; elapsed = 00:00:23 . Memory (MB): peak = 1027.508 ; gain = 0.000
Synthesis Optimization Complete : Time (s): cpu = 00:00:25 ; elapsed = 00:00:25 . Memory (MB): peak = 1027.508 ; gain = 24.660
INFO: [Project 1-571] Translating synthesized netlist
Netlist sorting complete. Time (s): cpu = 00:00:00 ; elapsed = 00:00:00.002 . Memory (MB): peak = 1034.023 ; gain = 0.000
INFO: [Netlist 29-17] Analyzing 36 Unisim elements for replacement
INFO: [Netlist 29-28] Unisim Transformation completed in 0 CPU seconds
INFO: [Project 1-570] Preparing netlist for logic optimization
INFO: [Opt 31-138] Pushed 0 inverter(s) to 0 load pin(s).
Netlist sorting complete. Time (s): cpu = 00:00:00 ; elapsed = 00:00:00 . Memory (MB): peak = 1038.676 ; gain = 0.000
INFO: [Project 1-111] Unisim Transformation Summary:
  A total of 28 instances were transformed.
  LD => LDCE: 28 instances

INFO: [Common 17-83] Releasing license: Synthesis
24 Infos, 49 Warnings, 31 Critical Warnings and 0 Errors encountered.
synth_design completed successfully
synth_design: Time (s): cpu = 00:00:31 ; elapsed = 00:00:32 . Memory (MB): peak = 1038.676 ; gain = 35.828
INFO: [runtcl-6] Synthesis results are not added to the cache due to CRITICAL_WARNING
INFO: [Common 17-1381] The checkpoint 'C:/Users/Client/Desktop/Vysoka_skola/4. Semestr/DE1/Cvika/PROJEKT/Projekt/Projekt.runs/synth_1/Door_lock_system.dcp' has been generated.
INFO: [runtcl-4] Executing : report_utilization -file Door_lock_system_utilization_synth.rpt -pb Door_lock_system_utilization_synth.pb
INFO: [Common 17-206] Exiting Vivado at Thu Apr 15 13:01:32 2021...
